Using pre-set license
Built from '2021.1/release' branch; Version is '2021.1.0f1 (61a549675243) revision 6399305'; Using compiler version '192528614'; Build Type 'Release'
OS: 'Windows 10 Pro; OS build 19043.1165; Version 2009; 64bit' Language: 'ru' Physical Memory: 16302 MB
BatchMode: 1, IsHumanControllingUs: 0, StartBugReporterOnCrash: 0, Is64bit: 1, IsPro: 0

 COMMAND LINE ARGUMENTS:
D:\Unity\2021.1.0f1\Editor\Unity.exe
-adb2
-batchMode
-noUpm
-name
AssetImportWorker0
-projectPath
G:/UnityProjects/RogueLike/RogueLike
-logFile
Logs/AssetImportWorker0.log
-srvPort
50289
Successfully changed project path to: G:/UnityProjects/RogueLike/RogueLike
G:/UnityProjects/RogueLike/RogueLike
Using Asset Import Pipeline V2.
Refreshing native plugins compatible for Editor in 106.74 ms, found 1 plugins.
Preloading 0 native plugins for Editor in 0.00 ms.
Initialize engine version: 2021.1.0f1 (61a549675243)
[Subsystems] Discovering subsystems at path D:/Unity/2021.1.0f1/Editor/Data/Resources/UnitySubsystems
[Subsystems] Discovering subsystems at path G:/UnityProjects/RogueLike/RogueLike/Assets
GfxDevice: creating device client; threaded=0; jobified=0
Direct3D:
    Version:  Direct3D 11.0 [level 11.1]
    Renderer: NVIDIA GeForce RTX 3060 (ID=0x2487)
    Vendor:   NVIDIA
    VRAM:     12138 MB
    Driver:   30.0.14.7212
Initialize mono
Mono path[0] = 'D:/Unity/2021.1.0f1/Editor/Data/Managed'
Mono path[1] = 'D:/Unity/2021.1.0f1/Editor/Data/MonoBleedingEdge/lib/mono/unityjit'
Mono config path = 'D:/Unity/2021.1.0f1/Editor/Data/MonoBleedingEdge/etc'
Using monoOptions --debugger-agent=transport=dt_socket,embedding=1,server=y,suspend=n,address=127.0.0.1:56160
Begin MonoManager ReloadAssembly
Registering precompiled unity dll's ...
Register platform support module: D:/Unity/2021.1.0f1/Editor/Data/PlaybackEngines/WindowsStandaloneSupport/UnityEditor.WindowsStandalone.Extensions.dll
Registered in 0.001105 seconds.
Native extension for WindowsStandalone target not found
Refreshing native plugins compatible for Editor in 109.93 ms, found 1 plugins.
Preloading 0 native plugins for Editor in 0.00 ms.
Mono: successfully reloaded assembly
- Completed reload, in  1.234 seconds
Platform modules already initialized, skipping
Registering precompiled user dll's ...
Registered in 0.002804 seconds.
Begin MonoManager ReloadAssembly
Native extension for WindowsStandalone target not found
Refreshing native plugins compatible for Editor in 106.73 ms, found 1 plugins.
Preloading 0 native plugins for Editor in 0.00 ms.
Mono: successfully reloaded assembly
- Completed reload, in  0.990 seconds
Platform modules already initialized, skipping
========================================================================
Worker process is ready to serve import requests
Shader 'Universal Render Pipeline/Particles/Lit': fallback shader 'Universal Render Pipeline/Particles/SimpleLit' not found
Shader 'Universal Render Pipeline/Particles/Lit': fallback shader 'Universal Render Pipeline/Particles/SimpleLit' not found
Launched and connected shader compiler UnityShaderCompiler.exe after 0.04 seconds
Refreshing native plugins compatible for Editor in 0.82 ms, found 1 plugins.
Preloading 0 native plugins for Editor in 0.00 ms.
Unloading 4097 Unused Serialized files (Serialized files now loaded: 0)
System memory in use before: 161.4 MB.
System memory in use after: 158.9 MB.

Unloading 61 unused Assets to reduce memory usage. Loaded Objects now: 4519.
Total: 3.573400 ms (FindLiveObjects: 0.352700 ms CreateObjectMapping: 0.106400 ms MarkObjects: 1.937100 ms  DeleteObjects: 1.176200 ms)

========================================================================
Received Import Request.
  path: Assets/Application/Weapons/Rifle/Rifle.prefab
  artifactKey: Guid(717c59ad3852e5a469942162f1f7bc75) Importer(815301076,1909f56bfc062723c751e8b465ee728b)
Start importing Assets/Application/Weapons/Rifle/Rifle.prefab using Guid(717c59ad3852e5a469942162f1f7bc75) Importer(815301076,1909f56bfc062723c751e8b465ee728b)  -> (artifact id: '253edeae323fd2f4296cab7f1cd6176e') in 0.054574 seconds 
========================================================================
Received Prepare
Registering precompiled user dll's ...
Registered in 0.002399 seconds.
Begin MonoManager ReloadAssembly
Native extension for WindowsStandalone target not found
Refreshing native plugins compatible for Editor in 1.05 ms, found 1 plugins.
Preloading 0 native plugins for Editor in 0.00 ms.
Mono: successfully reloaded assembly
- Completed reload, in  0.916 seconds
Platform modules already initialized, skipping
Shader 'Universal Render Pipeline/Particles/Lit': fallback shader 'Universal Render Pipeline/Particles/SimpleLit' not found
Shader 'Universal Render Pipeline/Particles/Lit': fallback shader 'Universal Render Pipeline/Particles/SimpleLit' not found
Refreshing native plugins compatible for Editor in 1.18 ms, found 1 plugins.
Preloading 0 native plugins for Editor in 0.00 ms.
Unloading 4063 Unused Serialized files (Serialized files now loaded: 0)
System memory in use before: 159.3 MB.
System memory in use after: 156.7 MB.

Unloading 52 unused Assets to reduce memory usage. Loaded Objects now: 4522.
Total: 4.412100 ms (FindLiveObjects: 0.415100 ms CreateObjectMapping: 0.109700 ms MarkObjects: 2.270500 ms  DeleteObjects: 1.615500 ms)

========================================================================
Received Prepare
Registering precompiled user dll's ...
Registered in 0.002298 seconds.
Begin MonoManager ReloadAssembly
Native extension for WindowsStandalone target not found
Refreshing native plugins compatible for Editor in 0.90 ms, found 1 plugins.
Preloading 0 native plugins for Editor in 0.00 ms.
Mono: successfully reloaded assembly
- Completed reload, in  0.886 seconds
Platform modules already initialized, skipping
Shader 'Universal Render Pipeline/Particles/Lit': fallback shader 'Universal Render Pipeline/Particles/SimpleLit' not found
Shader 'Universal Render Pipeline/Particles/Lit': fallback shader 'Universal Render Pipeline/Particles/SimpleLit' not found
Refreshing native plugins compatible for Editor in 0.88 ms, found 1 plugins.
Preloading 0 native plugins for Editor in 0.00 ms.
Unloading 4063 Unused Serialized files (Serialized files now loaded: 0)
System memory in use before: 159.3 MB.
System memory in use after: 156.8 MB.

Unloading 52 unused Assets to reduce memory usage. Loaded Objects now: 4525.
Total: 4.509700 ms (FindLiveObjects: 0.469400 ms CreateObjectMapping: 0.109700 ms MarkObjects: 2.267000 ms  DeleteObjects: 1.662400 ms)

========================================================================
Received Prepare
Registering precompiled user dll's ...
Registered in 0.002232 seconds.
Begin MonoManager ReloadAssembly
Native extension for WindowsStandalone target not found
Refreshing native plugins compatible for Editor in 0.85 ms, found 1 plugins.
Preloading 0 native plugins for Editor in 0.00 ms.
Mono: successfully reloaded assembly
- Completed reload, in  0.836 seconds
Platform modules already initialized, skipping
Shader 'Universal Render Pipeline/Particles/Lit': fallback shader 'Universal Render Pipeline/Particles/SimpleLit' not found
Shader 'Universal Render Pipeline/Particles/Lit': fallback shader 'Universal Render Pipeline/Particles/SimpleLit' not found
Refreshing native plugins compatible for Editor in 0.83 ms, found 1 plugins.
Preloading 0 native plugins for Editor in 0.00 ms.
Unloading 4063 Unused Serialized files (Serialized files now loaded: 0)
System memory in use before: 159.4 MB.
System memory in use after: 156.8 MB.

Unloading 52 unused Assets to reduce memory usage. Loaded Objects now: 4528.
Total: 3.577100 ms (FindLiveObjects: 0.352000 ms CreateObjectMapping: 0.107100 ms MarkObjects: 2.056900 ms  DeleteObjects: 1.059600 ms)

========================================================================
Received Prepare
Registering precompiled user dll's ...
Registered in 0.002412 seconds.
Begin MonoManager ReloadAssembly
Native extension for WindowsStandalone target not found
Refreshing native plugins compatible for Editor in 0.94 ms, found 1 plugins.
Preloading 0 native plugins for Editor in 0.00 ms.
Mono: successfully reloaded assembly
- Completed reload, in  0.914 seconds
Platform modules already initialized, skipping
Shader 'Universal Render Pipeline/Particles/Lit': fallback shader 'Universal Render Pipeline/Particles/SimpleLit' not found
Shader 'Universal Render Pipeline/Particles/Lit': fallback shader 'Universal Render Pipeline/Particles/SimpleLit' not found
Refreshing native plugins compatible for Editor in 1.21 ms, found 1 plugins.
Preloading 0 native plugins for Editor in 0.00 ms.
Unloading 4063 Unused Serialized files (Serialized files now loaded: 0)
System memory in use before: 159.4 MB.
System memory in use after: 156.8 MB.

Unloading 52 unused Assets to reduce memory usage. Loaded Objects now: 4531.
Total: 4.540100 ms (FindLiveObjects: 0.399100 ms CreateObjectMapping: 0.127100 ms MarkObjects: 2.703900 ms  DeleteObjects: 1.308500 ms)

========================================================================
Received Import Request.
  Time since last request: 248.767970 seconds.
  path: Assets/Bolt 2D JellyFarm VE2
  artifactKey: Guid(7cb416f90ce50904ebb9036b922aa995) Importer(815301076,1909f56bfc062723c751e8b465ee728b)
Start importing Assets/Bolt 2D JellyFarm VE2 using Guid(7cb416f90ce50904ebb9036b922aa995) Importer(815301076,1909f56bfc062723c751e8b465ee728b)  -> (artifact id: '80146c99d3926865700080416db7c006') in 0.011599 seconds 
========================================================================
Received Import Request.
  Time since last request: 1.075093 seconds.
  path: Assets/Bolt 2D JellyFarm VE2/Audio
  artifactKey: Guid(b0aa3ec7f095f1e4588889c4c23b50a9) Importer(815301076,1909f56bfc062723c751e8b465ee728b)
Start importing Assets/Bolt 2D JellyFarm VE2/Audio using Guid(b0aa3ec7f095f1e4588889c4c23b50a9) Importer(815301076,1909f56bfc062723c751e8b465ee728b)  -> (artifact id: 'd5c3c5771c3aec71a88c226519f9518a') in 0.015401 seconds 
========================================================================
Received Import Request.
  Time since last request: 49.535279 seconds.
  path: Assets/Cainos
  artifactKey: Guid(cfded2f7a4e1d694790db744fbd14486) Importer(815301076,1909f56bfc062723c751e8b465ee728b)
Start importing Assets/Cainos using Guid(cfded2f7a4e1d694790db744fbd14486) Importer(815301076,1909f56bfc062723c751e8b465ee728b)  -> (artifact id: '770887d76b1f1d1c7744f58478354042') in 0.006469 seconds 
========================================================================
Received Import Request.
  Time since last request: 0.525982 seconds.
  path: Assets/Cainos/Pixel Art Top Down - Basic
  artifactKey: Guid(16e6903942d9bf94d9dd684620613d02) Importer(815301076,1909f56bfc062723c751e8b465ee728b)
Start importing Assets/Cainos/Pixel Art Top Down - Basic using Guid(16e6903942d9bf94d9dd684620613d02) Importer(815301076,1909f56bfc062723c751e8b465ee728b)  -> (artifact id: '06f8a6c967cce646bcf7506429330d4e') in 0.006777 seconds 
========================================================================
Received Prepare
Registering precompiled user dll's ...
Registered in 0.002362 seconds.
Begin MonoManager ReloadAssembly
Native extension for WindowsStandalone target not found
Refreshing native plugins compatible for Editor in 0.84 ms, found 1 plugins.
Preloading 0 native plugins for Editor in 0.00 ms.
Mono: successfully reloaded assembly
- Completed reload, in  0.819 seconds
Platform modules already initialized, skipping
Shader 'Universal Render Pipeline/Particles/Lit': fallback shader 'Universal Render Pipeline/Particles/SimpleLit' not found
Shader 'Universal Render Pipeline/Particles/Lit': fallback shader 'Universal Render Pipeline/Particles/SimpleLit' not found
Refreshing native plugins compatible for Editor in 0.84 ms, found 1 plugins.
Preloading 0 native plugins for Editor in 0.00 ms.
Unloading 4063 Unused Serialized files (Serialized files now loaded: 0)
System memory in use before: 159.4 MB.
System memory in use after: 156.9 MB.

Unloading 52 unused Assets to reduce memory usage. Loaded Objects now: 4534.
Total: 3.695500 ms (FindLiveObjects: 0.405800 ms CreateObjectMapping: 0.104500 ms MarkObjects: 2.114900 ms  DeleteObjects: 1.069200 ms)

========================================================================
Received Import Request.
  Time since last request: 77.156660 seconds.
  path: Assets/Application/Scenes/QuickGame.unity
  artifactKey: Guid(232d347be8ac103488d4c38d5c18f6e4) Importer(815301076,1909f56bfc062723c751e8b465ee728b)
Start importing Assets/Application/Scenes/QuickGame.unity using Guid(232d347be8ac103488d4c38d5c18f6e4) Importer(815301076,1909f56bfc062723c751e8b465ee728b)  -> (artifact id: 'f8a0092f0634c473bc6c01dc28010824') in 0.018628 seconds 
========================================================================
Received Prepare
Registering precompiled user dll's ...
Registered in 0.002298 seconds.
Begin MonoManager ReloadAssembly
Native extension for WindowsStandalone target not found
Refreshing native plugins compatible for Editor in 0.88 ms, found 1 plugins.
Preloading 0 native plugins for Editor in 0.00 ms.
Mono: successfully reloaded assembly
- Completed reload, in  0.956 seconds
Platform modules already initialized, skipping
Shader 'Universal Render Pipeline/Particles/Lit': fallback shader 'Universal Render Pipeline/Particles/SimpleLit' not found
Shader 'Universal Render Pipeline/Particles/Lit': fallback shader 'Universal Render Pipeline/Particles/SimpleLit' not found
Refreshing native plugins compatible for Editor in 0.89 ms, found 1 plugins.
Preloading 0 native plugins for Editor in 0.00 ms.
Unloading 4063 Unused Serialized files (Serialized files now loaded: 0)
System memory in use before: 159.4 MB.
System memory in use after: 156.8 MB.

Unloading 52 unused Assets to reduce memory usage. Loaded Objects now: 4537.
Total: 3.772000 ms (FindLiveObjects: 0.366000 ms CreateObjectMapping: 0.110700 ms MarkObjects: 2.104300 ms  DeleteObjects: 1.190100 ms)

========================================================================
Received Import Request.
  Time since last request: 130.745706 seconds.
  path: Assets/Application/Weapons/Sidearm/weapon_gun.png
  artifactKey: Guid(abb480a6baaf485c81c17a7f3c4fdc42) Importer(815301076,1909f56bfc062723c751e8b465ee728b)
Start importing Assets/Application/Weapons/Sidearm/weapon_gun.png using Guid(abb480a6baaf485c81c17a7f3c4fdc42) Importer(815301076,1909f56bfc062723c751e8b465ee728b)  -> (artifact id: '3eb1c11bee52d2153650436eca80391a') in 0.134338 seconds 
========================================================================
Received Import Request.
  Time since last request: 56.509530 seconds.
  path: Assets/Cainos/Pixel Art Top Down - Basic/Tile Palette/TP Wall
  artifactKey: Guid(3835c99b2cffa6c46810cac8fe0022b6) Importer(815301076,1909f56bfc062723c751e8b465ee728b)
Start importing Assets/Cainos/Pixel Art Top Down - Basic/Tile Palette/TP Wall using Guid(3835c99b2cffa6c46810cac8fe0022b6) Importer(815301076,1909f56bfc062723c751e8b465ee728b)  -> (artifact id: '8d9a5d325ec7c844bc84669f5ef717e8') in 0.031601 seconds 
========================================================================
Received Import Request.
  Time since last request: 0.455765 seconds.
  path: Assets/Cainos/Pixel Art Top Down - Basic/Tile Palette/TP Grass
  artifactKey: Guid(3121f6ec1da5159418c5665c84e58ff8) Importer(815301076,1909f56bfc062723c751e8b465ee728b)
Start importing Assets/Cainos/Pixel Art Top Down - Basic/Tile Palette/TP Grass using Guid(3121f6ec1da5159418c5665c84e58ff8) Importer(815301076,1909f56bfc062723c751e8b465ee728b)  -> (artifact id: '41cb6159bf707a930887f2d7af73d00a') in 0.006099 seconds 
========================================================================
Received Import Request.
  Time since last request: 88.137762 seconds.
  path: Assets/Cainos/Pixel Art Top Down - Basic/Tile Palette/TP Stone Ground
  artifactKey: Guid(ffd15dd2870b6914db127248a0a0b725) Importer(815301076,1909f56bfc062723c751e8b465ee728b)
Start importing Assets/Cainos/Pixel Art Top Down - Basic/Tile Palette/TP Stone Ground using Guid(ffd15dd2870b6914db127248a0a0b725) Importer(815301076,1909f56bfc062723c751e8b465ee728b)  -> (artifact id: '6d971acba7d5879afe234d60fcd51aa4') in 0.005723 seconds 
========================================================================
Received Import Request.
  Time since last request: 0.583499 seconds.
  path: Assets/Cainos/Pixel Art Top Down - Basic/Tile Palette
  artifactKey: Guid(9aaddfc1c24876049941c1d30e4a9e23) Importer(815301076,1909f56bfc062723c751e8b465ee728b)
Start importing Assets/Cainos/Pixel Art Top Down - Basic/Tile Palette using Guid(9aaddfc1c24876049941c1d30e4a9e23) Importer(815301076,1909f56bfc062723c751e8b465ee728b)  -> (artifact id: '5c4e8bbac5009df7cb80df23e9552b78') in 0.005772 seconds 
========================================================================
Received Prepare
Registering precompiled user dll's ...
Registered in 0.002373 seconds.
Begin MonoManager ReloadAssembly
Native extension for WindowsStandalone target not found
Refreshing native plugins compatible for Editor in 0.84 ms, found 1 plugins.
Preloading 0 native plugins for Editor in 0.00 ms.
Mono: successfully reloaded assembly
- Completed reload, in  0.887 seconds
Platform modules already initialized, skipping
Shader 'Universal Render Pipeline/Particles/Lit': fallback shader 'Universal Render Pipeline/Particles/SimpleLit' not found
Shader 'Universal Render Pipeline/Particles/Lit': fallback shader 'Universal Render Pipeline/Particles/SimpleLit' not found
Refreshing native plugins compatible for Editor in 0.99 ms, found 1 plugins.
Preloading 0 native plugins for Editor in 0.00 ms.
Unloading 4064 Unused Serialized files (Serialized files now loaded: 0)
System memory in use before: 166.3 MB.
System memory in use after: 163.7 MB.

Unloading 52 unused Assets to reduce memory usage. Loaded Objects now: 4562.
Total: 3.902600 ms (FindLiveObjects: 0.557900 ms CreateObjectMapping: 0.115800 ms MarkObjects: 2.145400 ms  DeleteObjects: 1.082100 ms)

========================================================================
Received Prepare
Registering precompiled user dll's ...
Registered in 0.002741 seconds.
Begin MonoManager ReloadAssembly
Native extension for WindowsStandalone target not found
Refreshing native plugins compatible for Editor in 0.87 ms, found 1 plugins.
Preloading 0 native plugins for Editor in 0.00 ms.
Mono: successfully reloaded assembly
- Completed reload, in  0.880 seconds
Platform modules already initialized, skipping
Shader 'Universal Render Pipeline/Particles/Lit': fallback shader 'Universal Render Pipeline/Particles/SimpleLit' not found
Shader 'Universal Render Pipeline/Particles/Lit': fallback shader 'Universal Render Pipeline/Particles/SimpleLit' not found
Refreshing native plugins compatible for Editor in 0.92 ms, found 1 plugins.
Preloading 0 native plugins for Editor in 0.00 ms.
Unloading 4063 Unused Serialized files (Serialized files now loaded: 0)
System memory in use before: 166.2 MB.
System memory in use after: 163.7 MB.

Unloading 52 unused Assets to reduce memory usage. Loaded Objects now: 4565.
Total: 3.895300 ms (FindLiveObjects: 0.369800 ms CreateObjectMapping: 0.110600 ms MarkObjects: 2.217700 ms  DeleteObjects: 1.196200 ms)

========================================================================
Received Import Request.
  Time since last request: 310.414736 seconds.
  path: Assets/Application/Scenes/QuickGame
  artifactKey: Guid(3c4039dbfbb876842a4fb8c07ef297a2) Importer(815301076,1909f56bfc062723c751e8b465ee728b)
Start importing Assets/Application/Scenes/QuickGame using Guid(3c4039dbfbb876842a4fb8c07ef297a2) Importer(815301076,1909f56bfc062723c751e8b465ee728b)  -> (artifact id: '301c9b911e2e85b01ffef1c270ef1901') in 0.012106 seconds 
========================================================================
Received Prepare
Registering precompiled user dll's ...
Registered in 0.002202 seconds.
Begin MonoManager ReloadAssembly
Native extension for WindowsStandalone target not found
Refreshing native plugins compatible for Editor in 0.98 ms, found 1 plugins.
Preloading 0 native plugins for Editor in 0.00 ms.
Mono: successfully reloaded assembly
- Completed reload, in  0.790 seconds
Platform modules already initialized, skipping
Shader 'Universal Render Pipeline/Particles/Lit': fallback shader 'Universal Render Pipeline/Particles/SimpleLit' not found
Shader 'Universal Render Pipeline/Particles/Lit': fallback shader 'Universal Render Pipeline/Particles/SimpleLit' not found
Refreshing native plugins compatible for Editor in 0.85 ms, found 1 plugins.
Preloading 0 native plugins for Editor in 0.00 ms.
Unloading 4063 Unused Serialized files (Serialized files now loaded: 0)
System memory in use before: 166.2 MB.
System memory in use after: 163.7 MB.

Unloading 52 unused Assets to reduce memory usage. Loaded Objects now: 4568.
Total: 3.423600 ms (FindLiveObjects: 0.362000 ms CreateObjectMapping: 0.105000 ms MarkObjects: 1.852900 ms  DeleteObjects: 1.102500 ms)

========================================================================
Received Import Request.
  Time since last request: 5931.738366 seconds.
  path: Assets/Cainos/Pixel Art Top Down - Basic/Tile Palette/TP Grass.prefab
  artifactKey: Guid(02a081c3d25f8e54396b0c278f77e6f6) Importer(815301076,1909f56bfc062723c751e8b465ee728b)
Start importing Assets/Cainos/Pixel Art Top Down - Basic/Tile Palette/TP Grass.prefab using Guid(02a081c3d25f8e54396b0c278f77e6f6) Importer(815301076,1909f56bfc062723c751e8b465ee728b)  -> (artifact id: '7f21116a28b983d4ff174bfdbf7b2574') in 0.278360 seconds 
========================================================================
Received Import Request.
  Time since last request: 11.654803 seconds.
  path: Assets/Cainos/Pixel Art Top Down - Basic/Tile Palette/TP Grass/TX Tileset Grass 1.asset
  artifactKey: Guid(ae68d965a4218a94ca2134f0ae2007c4) Importer(815301076,1909f56bfc062723c751e8b465ee728b)
Start importing Assets/Cainos/Pixel Art Top Down - Basic/Tile Palette/TP Grass/TX Tileset Grass 1.asset using Guid(ae68d965a4218a94ca2134f0ae2007c4) Importer(815301076,1909f56bfc062723c751e8b465ee728b)  -> (artifact id: '123135f0804997a856f95c1e7c9428f0') in 0.102616 seconds 
========================================================================
Received Import Request.
  Time since last request: 0.687860 seconds.
  path: Assets/Cainos/Pixel Art Top Down - Basic/Tile Palette/TP Grass/TX Tileset Grass 0.asset
  artifactKey: Guid(7b6e368fc0ee90b4ca09e0f71344589a) Importer(815301076,1909f56bfc062723c751e8b465ee728b)
Start importing Assets/Cainos/Pixel Art Top Down - Basic/Tile Palette/TP Grass/TX Tileset Grass 0.asset using Guid(7b6e368fc0ee90b4ca09e0f71344589a) Importer(815301076,1909f56bfc062723c751e8b465ee728b)  -> (artifact id: 'c2d01c91aef6d6f6ca87bb4764725ed1') in 0.014595 seconds 
========================================================================
Received Import Request.
  Time since last request: 43.331871 seconds.
  path: Assets/Cainos/Pixel Art Top Down - Basic/Tile Palette/TP Stone Ground.prefab
  artifactKey: Guid(d4e83863d09313942bd8054738fe5a22) Importer(815301076,1909f56bfc062723c751e8b465ee728b)
Start importing Assets/Cainos/Pixel Art Top Down - Basic/Tile Palette/TP Stone Ground.prefab using Guid(d4e83863d09313942bd8054738fe5a22) Importer(815301076,1909f56bfc062723c751e8b465ee728b)  -> (artifact id: 'bd95e066f154928dfd81eae638a2171a') in 0.005284 seconds 
========================================================================
Received Import Request.
  Time since last request: 248.936616 seconds.
  path: Assets/Cainos/Pixel Art Top Down - Basic/Texture/TX Tileset Grass.png
  artifactKey: Guid(1c9ed9d1200c29d4cbfd2071028c1cd5) Importer(815301076,1909f56bfc062723c751e8b465ee728b)
Start importing Assets/Cainos/Pixel Art Top Down - Basic/Texture/TX Tileset Grass.png using Guid(1c9ed9d1200c29d4cbfd2071028c1cd5) Importer(815301076,1909f56bfc062723c751e8b465ee728b)  -> (artifact id: '3393462b238da35af33fa9c13000f71a') in 0.192072 seconds 
========================================================================
Received Import Request.
  Time since last request: 16.384394 seconds.
  path: Assets/Cainos/Pixel Art Top Down - Basic/Texture/TX Tileset Wall.png
  artifactKey: Guid(9f8f114589864b6489859a58fbb6baf9) Importer(815301076,1909f56bfc062723c751e8b465ee728b)
Start importing Assets/Cainos/Pixel Art Top Down - Basic/Texture/TX Tileset Wall.png using Guid(9f8f114589864b6489859a58fbb6baf9) Importer(815301076,1909f56bfc062723c751e8b465ee728b)  -> (artifact id: '7ba762548e8499487460e66c3bee7213') in 0.205800 seconds 
========================================================================
Received Import Request.
  Time since last request: 0.308275 seconds.
  path: Assets/Cainos/Pixel Art Top Down - Basic/Texture/TX Tileset Stone Ground.png
  artifactKey: Guid(a07735877a3bd644094331b137b71878) Importer(815301076,1909f56bfc062723c751e8b465ee728b)
Start importing Assets/Cainos/Pixel Art Top Down - Basic/Texture/TX Tileset Stone Ground.png using Guid(a07735877a3bd644094331b137b71878) Importer(815301076,1909f56bfc062723c751e8b465ee728b)  -> (artifact id: 'f4b0b5bdb9b343009866d590d159909d') in 0.073728 seconds 
========================================================================
Received Import Request.
  Time since last request: 0.349202 seconds.
  path: Assets/Cainos/Pixel Art Top Down - Basic/Texture/TX Tileset Grass.png
  artifactKey: Guid(1c9ed9d1200c29d4cbfd2071028c1cd5) Importer(815301076,1909f56bfc062723c751e8b465ee728b)
Start importing Assets/Cainos/Pixel Art Top Down - Basic/Texture/TX Tileset Grass.png using Guid(1c9ed9d1200c29d4cbfd2071028c1cd5) Importer(815301076,1909f56bfc062723c751e8b465ee728b)  -> (artifact id: 'bebacbce214e0c35e32b975bf7bdef4e') in 0.098612 seconds 
========================================================================
Received Import Request.
  Time since last request: 0.163024 seconds.
  path: Assets/Cainos/Pixel Art Top Down - Basic/Texture/TX Shadow.png
  artifactKey: Guid(ed7554aeefd5da44a9fe1ee9b93afe77) Importer(815301076,1909f56bfc062723c751e8b465ee728b)
Start importing Assets/Cainos/Pixel Art Top Down - Basic/Texture/TX Shadow.png using Guid(ed7554aeefd5da44a9fe1ee9b93afe77) Importer(815301076,1909f56bfc062723c751e8b465ee728b)  -> (artifact id: '3f61bb45d354905c0b40fe662062f6c9') in 0.102605 seconds 
========================================================================
Received Import Request.
  Time since last request: 0.161341 seconds.
  path: Assets/Cainos/Pixel Art Top Down - Basic/Texture/TX Shadow Plant.png
  artifactKey: Guid(8501e10b1eafde34586080ba342fdc0e) Importer(815301076,1909f56bfc062723c751e8b465ee728b)
Start importing Assets/Cainos/Pixel Art Top Down - Basic/Texture/TX Shadow Plant.png using Guid(8501e10b1eafde34586080ba342fdc0e) Importer(815301076,1909f56bfc062723c751e8b465ee728b)  -> (artifact id: 'e45ed92572784b8942ca85c8b5ce8bbb') in 0.039096 seconds 
========================================================================
Received Import Request.
  Time since last request: 0.663121 seconds.
  path: Assets/Cainos/Pixel Art Top Down - Basic/Texture/TX Props.png
  artifactKey: Guid(29c9cded5e558164aaf8c9bf08aa1510) Importer(815301076,1909f56bfc062723c751e8b465ee728b)
Start importing Assets/Cainos/Pixel Art Top Down - Basic/Texture/TX Props.png using Guid(29c9cded5e558164aaf8c9bf08aa1510) Importer(815301076,1909f56bfc062723c751e8b465ee728b)  -> (artifact id: '5289bde9eb187df5f831621d737a460f') in 0.112964 seconds 
========================================================================
Received Import Request.
  Time since last request: 0.247041 seconds.
  path: Assets/Cainos/Pixel Art Top Down - Basic/Texture/TX Player.png
  artifactKey: Guid(ec47f75fe8aff1644ac73998f4ad31b5) Importer(815301076,1909f56bfc062723c751e8b465ee728b)
Start importing Assets/Cainos/Pixel Art Top Down - Basic/Texture/TX Player.png using Guid(ec47f75fe8aff1644ac73998f4ad31b5) Importer(815301076,1909f56bfc062723c751e8b465ee728b)  -> (artifact id: 'da6db187f18792991217d7bf6b3dc74f') in 0.015946 seconds 
========================================================================
Received Import Request.
  Time since last request: 0.538434 seconds.
  path: Assets/Cainos/Pixel Art Top Down - Basic/Texture/TX Plant.png
  artifactKey: Guid(c3a40e1c46727b94e959990527f8e7fa) Importer(815301076,1909f56bfc062723c751e8b465ee728b)
Start importing Assets/Cainos/Pixel Art Top Down - Basic/Texture/TX Plant.png using Guid(c3a40e1c46727b94e959990527f8e7fa) Importer(815301076,1909f56bfc062723c751e8b465ee728b)  -> (artifact id: '40b8fc19c38bfedd8f0b54e1c73fd50e') in 0.071517 seconds 
========================================================================
Received Prepare
Registering precompiled user dll's ...
Registered in 0.051649 seconds.
Begin MonoManager ReloadAssembly
Native extension for WindowsStandalone target not found
Refreshing native plugins compatible for Editor in 1.02 ms, found 1 plugins.
Preloading 0 native plugins for Editor in 0.00 ms.
Mono: successfully reloaded assembly
- Completed reload, in  1.570 seconds
Platform modules already initialized, skipping
Shader 'Universal Render Pipeline/Particles/Lit': fallback shader 'Universal Render Pipeline/Particles/SimpleLit' not found
Shader 'Universal Render Pipeline/Particles/Lit': fallback shader 'Universal Render Pipeline/Particles/SimpleLit' not found
Refreshing native plugins compatible for Editor in 1.38 ms, found 1 plugins.
Preloading 0 native plugins for Editor in 0.00 ms.
Unloading 4071 Unused Serialized files (Serialized files now loaded: 0)
System memory in use before: 172.2 MB.
System memory in use after: 169.6 MB.

Unloading 52 unused Assets to reduce memory usage. Loaded Objects now: 4935.
Total: 5.352300 ms (FindLiveObjects: 0.865900 ms CreateObjectMapping: 0.162000 ms MarkObjects: 3.112600 ms  DeleteObjects: 1.210200 ms)

========================================================================
Received Prepare
Registering precompiled user dll's ...
Registered in 0.003387 seconds.
Begin MonoManager ReloadAssembly
Native extension for WindowsStandalone target not found
Refreshing native plugins compatible for Editor in 0.82 ms, found 1 plugins.
Preloading 0 native plugins for Editor in 0.00 ms.
Mono: successfully reloaded assembly
- Completed reload, in  0.876 seconds
Platform modules already initialized, skipping
Shader 'Universal Render Pipeline/Particles/Lit': fallback shader 'Universal Render Pipeline/Particles/SimpleLit' not found
Shader 'Universal Render Pipeline/Particles/Lit': fallback shader 'Universal Render Pipeline/Particles/SimpleLit' not found
Refreshing native plugins compatible for Editor in 1.48 ms, found 1 plugins.
Preloading 0 native plugins for Editor in 0.00 ms.
Unloading 4063 Unused Serialized files (Serialized files now loaded: 0)
System memory in use before: 171.8 MB.
System memory in use after: 169.3 MB.

Unloading 52 unused Assets to reduce memory usage. Loaded Objects now: 4938.
Total: 5.249900 ms (FindLiveObjects: 0.610500 ms CreateObjectMapping: 0.117300 ms MarkObjects: 3.115700 ms  DeleteObjects: 1.404500 ms)

========================================================================
Received Prepare
Registering precompiled user dll's ...
Registered in 0.002366 seconds.
Begin MonoManager ReloadAssembly
Native extension for WindowsStandalone target not found
Refreshing native plugins compatible for Editor in 0.87 ms, found 1 plugins.
Preloading 0 native plugins for Editor in 0.00 ms.
Mono: successfully reloaded assembly
- Completed reload, in  0.861 seconds
Platform modules already initialized, skipping
Shader 'Universal Render Pipeline/Particles/Lit': fallback shader 'Universal Render Pipeline/Particles/SimpleLit' not found
Shader 'Universal Render Pipeline/Particles/Lit': fallback shader 'Universal Render Pipeline/Particles/SimpleLit' not found
Refreshing native plugins compatible for Editor in 0.90 ms, found 1 plugins.
Preloading 0 native plugins for Editor in 0.00 ms.
Unloading 4063 Unused Serialized files (Serialized files now loaded: 0)
System memory in use before: 171.9 MB.
System memory in use after: 169.3 MB.

Unloading 52 unused Assets to reduce memory usage. Loaded Objects now: 4941.
Total: 4.904400 ms (FindLiveObjects: 0.573400 ms CreateObjectMapping: 0.114000 ms MarkObjects: 2.737500 ms  DeleteObjects: 1.477700 ms)

========================================================================
Received Prepare
Registering precompiled user dll's ...
Registered in 0.002611 seconds.
Begin MonoManager ReloadAssembly
Native extension for WindowsStandalone target not found
Refreshing native plugins compatible for Editor in 0.87 ms, found 1 plugins.
Preloading 0 native plugins for Editor in 0.00 ms.
Mono: successfully reloaded assembly
- Completed reload, in  0.867 seconds
Platform modules already initialized, skipping
Shader 'Universal Render Pipeline/Particles/Lit': fallback shader 'Universal Render Pipeline/Particles/SimpleLit' not found
Shader 'Universal Render Pipeline/Particles/Lit': fallback shader 'Universal Render Pipeline/Particles/SimpleLit' not found
Refreshing native plugins compatible for Editor in 1.17 ms, found 1 plugins.
Preloading 0 native plugins for Editor in 0.00 ms.
Unloading 4063 Unused Serialized files (Serialized files now loaded: 0)
System memory in use before: 171.8 MB.
System memory in use after: 169.3 MB.

Unloading 52 unused Assets to reduce memory usage. Loaded Objects now: 4944.
Total: 4.768800 ms (FindLiveObjects: 0.470200 ms CreateObjectMapping: 0.114100 ms MarkObjects: 2.642200 ms  DeleteObjects: 1.541200 ms)

========================================================================
Received Prepare
Registering precompiled user dll's ...
Registered in 0.002322 seconds.
Begin MonoManager ReloadAssembly
Native extension for WindowsStandalone target not found
Refreshing native plugins compatible for Editor in 0.92 ms, found 1 plugins.
Preloading 0 native plugins for Editor in 0.00 ms.
Mono: successfully reloaded assembly
- Completed reload, in  0.854 seconds
Platform modules already initialized, skipping
Shader 'Universal Render Pipeline/Particles/Lit': fallback shader 'Universal Render Pipeline/Particles/SimpleLit' not found
Shader 'Universal Render Pipeline/Particles/Lit': fallback shader 'Universal Render Pipeline/Particles/SimpleLit' not found
Refreshing native plugins compatible for Editor in 0.82 ms, found 1 plugins.
Preloading 0 native plugins for Editor in 0.00 ms.
Unloading 4063 Unused Serialized files (Serialized files now loaded: 0)
System memory in use before: 171.9 MB.
System memory in use after: 169.4 MB.

Unloading 52 unused Assets to reduce memory usage. Loaded Objects now: 4947.
Total: 4.003600 ms (FindLiveObjects: 0.480800 ms CreateObjectMapping: 0.108800 ms MarkObjects: 2.227900 ms  DeleteObjects: 1.185000 ms)

========================================================================
Received Import Request.
  Time since last request: 5412.998565 seconds.
  path: Assets/Application/Scenes/QuickGame/NavMesh-Grid 1.asset
  artifactKey: Guid(c768c350e82ed7d4699fc39db2ef5b43) Importer(815301076,1909f56bfc062723c751e8b465ee728b)
Start importing Assets/Application/Scenes/QuickGame/NavMesh-Grid 1.asset using Guid(c768c350e82ed7d4699fc39db2ef5b43) Importer(815301076,1909f56bfc062723c751e8b465ee728b)  -> (artifact id: '935b4b6a3f6b7a9e3754719fe2efa414') in 0.016513 seconds 
========================================================================
Received Import Request.
  Time since last request: 0.643046 seconds.
  path: Assets/Application/Scenes/QuickGame/NavMesh-Grid.asset
  artifactKey: Guid(58b494797dbdf554ba75588c24097f35) Importer(815301076,1909f56bfc062723c751e8b465ee728b)
Start importing Assets/Application/Scenes/QuickGame/NavMesh-Grid.asset using Guid(58b494797dbdf554ba75588c24097f35) Importer(815301076,1909f56bfc062723c751e8b465ee728b)  -> (artifact id: '438d9c17be78175cb66c4bdafed454a3') in 0.006206 seconds 
========================================================================
Received Import Request.
  Time since last request: 1932.743295 seconds.
  path: Assets/Application/Scenes/QuickGame/NavMesh-NavMesh2D.asset
  artifactKey: Guid(fecd89c761ae0134db0e34cd5da64a74) Importer(815301076,1909f56bfc062723c751e8b465ee728b)
Start importing Assets/Application/Scenes/QuickGame/NavMesh-NavMesh2D.asset using Guid(fecd89c761ae0134db0e34cd5da64a74) Importer(815301076,1909f56bfc062723c751e8b465ee728b)  -> (artifact id: '2556a28c2acf7158523133571e3996ec') in 0.006761 seconds 
========================================================================
Received Import Request.
  Time since last request: 293.818960 seconds.
  path: Assets/Application/Scenes/QuickGame/NavMesh-NavMesh.asset
  artifactKey: Guid(238e228b7340f6e489e16a645b76e3c4) Importer(815301076,1909f56bfc062723c751e8b465ee728b)
Start importing Assets/Application/Scenes/QuickGame/NavMesh-NavMesh.asset using Guid(238e228b7340f6e489e16a645b76e3c4) Importer(815301076,1909f56bfc062723c751e8b465ee728b)  -> (artifact id: '8ed798cb5a7929906eddbdf3c8401c81') in 0.007941 seconds 
========================================================================
Received Import Request.
  Time since last request: 66.601745 seconds.
  path: Assets/Application/Scenes/QuickGame/NavMesh-NavMesh.asset
  artifactKey: Guid(238e228b7340f6e489e16a645b76e3c4) Importer(815301076,1909f56bfc062723c751e8b465ee728b)
Start importing Assets/Application/Scenes/QuickGame/NavMesh-NavMesh.asset using Guid(238e228b7340f6e489e16a645b76e3c4) Importer(815301076,1909f56bfc062723c751e8b465ee728b)  -> (artifact id: '67fbfbcac5dde1f712beb51bbc105c05') in 0.002945 seconds 
========================================================================
Received Import Request.
  Time since last request: 378.508141 seconds.
  path: Assets/Application/NavMeshComponents/Editor
  artifactKey: Guid(63b588f3892bb4b5eb73ad3d2791e05c) Importer(815301076,1909f56bfc062723c751e8b465ee728b)
Start importing Assets/Application/NavMeshComponents/Editor using Guid(63b588f3892bb4b5eb73ad3d2791e05c) Importer(815301076,1909f56bfc062723c751e8b465ee728b)  -> (artifact id: '23d6761ce17f315e28ad4cfb01dd8de1') in 0.006818 seconds 
========================================================================
Received Import Request.
  Time since last request: 0.710263 seconds.
  path: Assets/Application/NavMeshComponents
  artifactKey: Guid(69144f720b8957d4098a1ca6f9ee7333) Importer(815301076,1909f56bfc062723c751e8b465ee728b)
Start importing Assets/Application/NavMeshComponents using Guid(69144f720b8957d4098a1ca6f9ee7333) Importer(815301076,1909f56bfc062723c751e8b465ee728b)  -> (artifact id: '5c63af98e1eee7b792476771f6480b87') in 0.006203 seconds 
========================================================================
Received Prepare
Registering precompiled user dll's ...
Registered in 0.019881 seconds.
Begin MonoManager ReloadAssembly
Native extension for WindowsStandalone target not found
Refreshing native plugins compatible for Editor in 1.04 ms, found 1 plugins.
Preloading 0 native plugins for Editor in 0.00 ms.
Mono: successfully reloaded assembly
- Completed reload, in  1.138 seconds
Platform modules already initialized, skipping
Shader 'Universal Render Pipeline/Particles/Lit': fallback shader 'Universal Render Pipeline/Particles/SimpleLit' not found
Shader 'Universal Render Pipeline/Particles/Lit': fallback shader 'Universal Render Pipeline/Particles/SimpleLit' not found
Refreshing native plugins compatible for Editor in 1.01 ms, found 1 plugins.
Preloading 0 native plugins for Editor in 0.00 ms.
Unloading 4067 Unused Serialized files (Serialized files now loaded: 0)
System memory in use before: 172.1 MB.
System memory in use after: 169.5 MB.

Unloading 52 unused Assets to reduce memory usage. Loaded Objects now: 4954.
Total: 5.077300 ms (FindLiveObjects: 0.517400 ms CreateObjectMapping: 0.111800 ms MarkObjects: 3.101200 ms  DeleteObjects: 1.345000 ms)

========================================================================
Received Prepare
Registering precompiled user dll's ...
Registered in 0.002906 seconds.
Begin MonoManager ReloadAssembly
Native extension for WindowsStandalone target not found
Refreshing native plugins compatible for Editor in 0.87 ms, found 1 plugins.
Preloading 0 native plugins for Editor in 0.00 ms.
Mono: successfully reloaded assembly
- Completed reload, in  0.861 seconds
Platform modules already initialized, skipping
Shader 'Universal Render Pipeline/Particles/Lit': fallback shader 'Universal Render Pipeline/Particles/SimpleLit' not found
Shader 'Universal Render Pipeline/Particles/Lit': fallback shader 'Universal Render Pipeline/Particles/SimpleLit' not found
Refreshing native plugins compatible for Editor in 1.19 ms, found 1 plugins.
Preloading 0 native plugins for Editor in 0.00 ms.
Unloading 4067 Unused Serialized files (Serialized files now loaded: 0)
System memory in use before: 172.0 MB.
System memory in use after: 169.5 MB.

Unloading 52 unused Assets to reduce memory usage. Loaded Objects now: 4957.
Total: 5.242500 ms (FindLiveObjects: 0.658300 ms CreateObjectMapping: 0.319000 ms MarkObjects: 2.553900 ms  DeleteObjects: 1.710100 ms)

========================================================================
Received Import Request.
  Time since last request: 435.824066 seconds.
  path: Assets/Cainos/Pixel Art Top Down - Basic/Tile Palette/TP Wall/TX Shadow Tileset Wall 2.asset
  artifactKey: Guid(2f3b07d6ad9eccc47b6cd451a5df9a45) Importer(815301076,1909f56bfc062723c751e8b465ee728b)
Start importing Assets/Cainos/Pixel Art Top Down - Basic/Tile Palette/TP Wall/TX Shadow Tileset Wall 2.asset using Guid(2f3b07d6ad9eccc47b6cd451a5df9a45) Importer(815301076,1909f56bfc062723c751e8b465ee728b)  -> (artifact id: '7638de93d4899cefaad68e5ae72a199d') in 0.050896 seconds 
========================================================================
Received Prepare
Registering precompiled user dll's ...
Registered in 0.003565 seconds.
Begin MonoManager ReloadAssembly
Native extension for WindowsStandalone target not found
Refreshing native plugins compatible for Editor in 0.87 ms, found 1 plugins.
Preloading 0 native plugins for Editor in 0.00 ms.
Mono: successfully reloaded assembly
- Completed reload, in  0.920 seconds
Platform modules already initialized, skipping
Shader 'Universal Render Pipeline/Particles/Lit': fallback shader 'Universal Render Pipeline/Particles/SimpleLit' not found
Shader 'Universal Render Pipeline/Particles/Lit': fallback shader 'Universal Render Pipeline/Particles/SimpleLit' not found
Refreshing native plugins compatible for Editor in 1.47 ms, found 1 plugins.
Preloading 0 native plugins for Editor in 0.00 ms.
Unloading 4067 Unused Serialized files (Serialized files now loaded: 0)
System memory in use before: 172.1 MB.
System memory in use after: 169.5 MB.

Unloading 52 unused Assets to reduce memory usage. Loaded Objects now: 4961.
Total: 5.094500 ms (FindLiveObjects: 0.816600 ms CreateObjectMapping: 0.143400 ms MarkObjects: 2.685400 ms  DeleteObjects: 1.447800 ms)

========================================================================
Received Import Request.
  Time since last request: 432.270032 seconds.
  path: Assets/Cainos/Pixel Art Top Down - Basic/Texture/TX Tileset Wall.png
  artifactKey: Guid(9f8f114589864b6489859a58fbb6baf9) Importer(815301076,1909f56bfc062723c751e8b465ee728b)
Start importing Assets/Cainos/Pixel Art Top Down - Basic/Texture/TX Tileset Wall.png using Guid(9f8f114589864b6489859a58fbb6baf9) Importer(815301076,1909f56bfc062723c751e8b465ee728b)  -> (artifact id: '70ec5672d42d4cb1afdb6ae4e9b76e35') in 0.199512 seconds 
========================================================================
Received Import Request.
  Time since last request: 106.209511 seconds.
  path: Assets/Cainos/Pixel Art Top Down - Basic/Texture/TX Tileset Wall.png
  artifactKey: Guid(9f8f114589864b6489859a58fbb6baf9) Importer(815301076,1909f56bfc062723c751e8b465ee728b)
Start importing Assets/Cainos/Pixel Art Top Down - Basic/Texture/TX Tileset Wall.png using Guid(9f8f114589864b6489859a58fbb6baf9) Importer(815301076,1909f56bfc062723c751e8b465ee728b)  -> (artifact id: '8c0eea7774722d5a4ed5d31541e2134a') in 0.179157 seconds 
========================================================================
Received Import Request.
  Time since last request: 218.899361 seconds.
  path: Assets/Cainos/Pixel Art Top Down - Basic/Texture/TX Tileset Wall.png
  artifactKey: Guid(9f8f114589864b6489859a58fbb6baf9) Importer(815301076,1909f56bfc062723c751e8b465ee728b)
Start importing Assets/Cainos/Pixel Art Top Down - Basic/Texture/TX Tileset Wall.png using Guid(9f8f114589864b6489859a58fbb6baf9) Importer(815301076,1909f56bfc062723c751e8b465ee728b)  -> (artifact id: '61a62db3596c5d878cff9b43932b2710') in 0.080701 seconds 
========================================================================
Received Prepare
Registering precompiled user dll's ...
Registered in 0.002639 seconds.
Begin MonoManager ReloadAssembly
Native extension for WindowsStandalone target not found
Refreshing native plugins compatible for Editor in 1.12 ms, found 1 plugins.
Preloading 0 native plugins for Editor in 0.00 ms.
Mono: successfully reloaded assembly
- Completed reload, in  0.898 seconds
Platform modules already initialized, skipping
Shader 'Universal Render Pipeline/Particles/Lit': fallback shader 'Universal Render Pipeline/Particles/SimpleLit' not found
Shader 'Universal Render Pipeline/Particles/Lit': fallback shader 'Universal Render Pipeline/Particles/SimpleLit' not found
Refreshing native plugins compatible for Editor in 0.85 ms, found 1 plugins.
Preloading 0 native plugins for Editor in 0.00 ms.
Unloading 4067 Unused Serialized files (Serialized files now loaded: 0)
System memory in use before: 173.3 MB.
System memory in use after: 170.7 MB.

Unloading 52 unused Assets to reduce memory usage. Loaded Objects now: 5007.
Total: 4.052200 ms (FindLiveObjects: 0.484900 ms CreateObjectMapping: 0.110700 ms MarkObjects: 2.136200 ms  DeleteObjects: 1.319400 ms)

========================================================================
Received Prepare
Registering precompiled user dll's ...
Registered in 0.003334 seconds.
Begin MonoManager ReloadAssembly
Native extension for WindowsStandalone target not found
Refreshing native plugins compatible for Editor in 1.32 ms, found 1 plugins.
Preloading 0 native plugins for Editor in 0.00 ms.
Mono: successfully reloaded assembly
- Completed reload, in  1.007 seconds
Platform modules already initialized, skipping
Shader 'Universal Render Pipeline/Particles/Lit': fallback shader 'Universal Render Pipeline/Particles/SimpleLit' not found
Shader 'Universal Render Pipeline/Particles/Lit': fallback shader 'Universal Render Pipeline/Particles/SimpleLit' not found
Refreshing native plugins compatible for Editor in 1.24 ms, found 1 plugins.
Preloading 0 native plugins for Editor in 0.00 ms.
Unloading 4067 Unused Serialized files (Serialized files now loaded: 0)
System memory in use before: 173.3 MB.
System memory in use after: 170.8 MB.

Unloading 52 unused Assets to reduce memory usage. Loaded Objects now: 5010.
Total: 5.588200 ms (FindLiveObjects: 0.986000 ms CreateObjectMapping: 0.395500 ms MarkObjects: 2.791000 ms  DeleteObjects: 1.413800 ms)

========================================================================
Received Import Request.
  Time since last request: 847.486695 seconds.
  path: Assets/Cainos/Pixel Art Top Down - Basic/Texture/TX Tileset Wall.png
  artifactKey: Guid(9f8f114589864b6489859a58fbb6baf9) Importer(815301076,1909f56bfc062723c751e8b465ee728b)
Start importing Assets/Cainos/Pixel Art Top Down - Basic/Texture/TX Tileset Wall.png using Guid(9f8f114589864b6489859a58fbb6baf9) Importer(815301076,1909f56bfc062723c751e8b465ee728b)  -> (artifact id: '8b9b9a48538fdee4578f2cb17b4427bb') in 0.179709 seconds 
========================================================================
Received Prepare
Registering precompiled user dll's ...
Registered in 0.002388 seconds.
Begin MonoManager ReloadAssembly
Native extension for WindowsStandalone target not found
Refreshing native plugins compatible for Editor in 0.90 ms, found 1 plugins.
Preloading 0 native plugins for Editor in 0.00 ms.
Mono: successfully reloaded assembly
- Completed reload, in  0.970 seconds
Platform modules already initialized, skipping
Shader 'Universal Render Pipeline/Particles/Lit': fallback shader 'Universal Render Pipeline/Particles/SimpleLit' not found
Shader 'Universal Render Pipeline/Particles/Lit': fallback shader 'Universal Render Pipeline/Particles/SimpleLit' not found
Refreshing native plugins compatible for Editor in 1.03 ms, found 1 plugins.
Preloading 0 native plugins for Editor in 0.00 ms.
Unloading 4067 Unused Serialized files (Serialized files now loaded: 0)
System memory in use before: 173.7 MB.
System memory in use after: 171.2 MB.

Unloading 52 unused Assets to reduce memory usage. Loaded Objects now: 5028.
Total: 5.351800 ms (FindLiveObjects: 0.781700 ms CreateObjectMapping: 0.195300 ms MarkObjects: 3.012500 ms  DeleteObjects: 1.361100 ms)

========================================================================
Received Import Request.
  Time since last request: 321.085505 seconds.
  path: Assets/Cainos/Pixel Art Top Down - Basic/Texture/TX Tileset Wall.png
  artifactKey: Guid(9f8f114589864b6489859a58fbb6baf9) Importer(815301076,1909f56bfc062723c751e8b465ee728b)
Start importing Assets/Cainos/Pixel Art Top Down - Basic/Texture/TX Tileset Wall.png using Guid(9f8f114589864b6489859a58fbb6baf9) Importer(815301076,1909f56bfc062723c751e8b465ee728b)  -> (artifact id: '004944e44a206d4e57e2bc867f38666d') in 0.175997 seconds 
========================================================================
Received Import Request.
  Time since last request: 167.882368 seconds.
  path: Assets/Cainos/Pixel Art Top Down - Basic/Texture/TX Tileset Wall.png
  artifactKey: Guid(9f8f114589864b6489859a58fbb6baf9) Importer(815301076,1909f56bfc062723c751e8b465ee728b)
Start importing Assets/Cainos/Pixel Art Top Down - Basic/Texture/TX Tileset Wall.png using Guid(9f8f114589864b6489859a58fbb6baf9) Importer(815301076,1909f56bfc062723c751e8b465ee728b)  -> (artifact id: 'fe5c52f247e7f077b6f8febef5e7dc01') in 0.134146 seconds 
========================================================================
Received Prepare
Registering precompiled user dll's ...
Registered in 0.002541 seconds.
Begin MonoManager ReloadAssembly
Native extension for WindowsStandalone target not found
Refreshing native plugins compatible for Editor in 0.83 ms, found 1 plugins.
Preloading 0 native plugins for Editor in 0.00 ms.
Mono: successfully reloaded assembly
- Completed reload, in  0.976 seconds
Platform modules already initialized, skipping
Shader 'Universal Render Pipeline/Particles/Lit': fallback shader 'Universal Render Pipeline/Particles/SimpleLit' not found
Shader 'Universal Render Pipeline/Particles/Lit': fallback shader 'Universal Render Pipeline/Particles/SimpleLit' not found
Refreshing native plugins compatible for Editor in 1.05 ms, found 1 plugins.
Preloading 0 native plugins for Editor in 0.00 ms.
Unloading 4067 Unused Serialized files (Serialized files now loaded: 0)
System memory in use before: 174.5 MB.
System memory in use after: 172.0 MB.

Unloading 52 unused Assets to reduce memory usage. Loaded Objects now: 5060.
Total: 4.421300 ms (FindLiveObjects: 0.516800 ms CreateObjectMapping: 0.112000 ms MarkObjects: 2.458700 ms  DeleteObjects: 1.332100 ms)

========================================================================
Received Import Request.
  Time since last request: 598.732505 seconds.
  path: Assets/Cainos/Pixel Art Top Down - Basic/Texture/TX Tileset Wall.png
  artifactKey: Guid(9f8f114589864b6489859a58fbb6baf9) Importer(815301076,1909f56bfc062723c751e8b465ee728b)
Start importing Assets/Cainos/Pixel Art Top Down - Basic/Texture/TX Tileset Wall.png using Guid(9f8f114589864b6489859a58fbb6baf9) Importer(815301076,1909f56bfc062723c751e8b465ee728b)  -> (artifact id: 'f3381410eeca4544c6878d783693dcac') in 0.173290 seconds 
========================================================================
Received Prepare
Registering precompiled user dll's ...
Registered in 0.003014 seconds.
Begin MonoManager ReloadAssembly
Native extension for WindowsStandalone target not found
Refreshing native plugins compatible for Editor in 0.93 ms, found 1 plugins.
Preloading 0 native plugins for Editor in 0.00 ms.
Mono: successfully reloaded assembly
- Completed reload, in  0.988 seconds
Platform modules already initialized, skipping
Shader 'Universal Render Pipeline/Particles/Lit': fallback shader 'Universal Render Pipeline/Particles/SimpleLit' not found
Shader 'Universal Render Pipeline/Particles/Lit': fallback shader 'Universal Render Pipeline/Particles/SimpleLit' not found
Refreshing native plugins compatible for Editor in 1.16 ms, found 1 plugins.
Preloading 0 native plugins for Editor in 0.00 ms.
Unloading 4067 Unused Serialized files (Serialized files now loaded: 0)
System memory in use before: 175.0 MB.
System memory in use after: 172.5 MB.

Unloading 52 unused Assets to reduce memory usage. Loaded Objects now: 5080.
Total: 4.518600 ms (FindLiveObjects: 0.573200 ms CreateObjectMapping: 0.111600 ms MarkObjects: 2.624100 ms  DeleteObjects: 1.208800 ms)

========================================================================
Received Import Request.
  Time since last request: 908.431510 seconds.
  path: Assets/Cainos/Pixel Art Top Down - Basic/Texture/TX Tileset Wall.png
  artifactKey: Guid(9f8f114589864b6489859a58fbb6baf9) Importer(815301076,1909f56bfc062723c751e8b465ee728b)
Start importing Assets/Cainos/Pixel Art Top Down - Basic/Texture/TX Tileset Wall.png using Guid(9f8f114589864b6489859a58fbb6baf9) Importer(815301076,1909f56bfc062723c751e8b465ee728b)  -> (artifact id: 'ff2073769993ab2e1d16266e97252d6d') in 0.171086 seconds 
========================================================================
Received Import Request.
  Time since last request: 87.650508 seconds.
  path: Assets/Cainos/Pixel Art Top Down - Basic/Texture/TX Tileset Wall.png
  artifactKey: Guid(9f8f114589864b6489859a58fbb6baf9) Importer(815301076,1909f56bfc062723c751e8b465ee728b)
Start importing Assets/Cainos/Pixel Art Top Down - Basic/Texture/TX Tileset Wall.png using Guid(9f8f114589864b6489859a58fbb6baf9) Importer(815301076,1909f56bfc062723c751e8b465ee728b)  -> (artifact id: 'eb26feaabc1893939bc5ddc8ecaaf9f6') in 0.077167 seconds 
========================================================================
Received Prepare
Registering precompiled user dll's ...
Registered in 0.002411 seconds.
Begin MonoManager ReloadAssembly
Native extension for WindowsStandalone target not found
Refreshing native plugins compatible for Editor in 1.08 ms, found 1 plugins.
Preloading 0 native plugins for Editor in 0.00 ms.
Mono: successfully reloaded assembly
- Completed reload, in  0.874 seconds
Platform modules already initialized, skipping
Shader 'Universal Render Pipeline/Particles/Lit': fallback shader 'Universal Render Pipeline/Particles/SimpleLit' not found
Shader 'Universal Render Pipeline/Particles/Lit': fallback shader 'Universal Render Pipeline/Particles/SimpleLit' not found
Refreshing native plugins compatible for Editor in 0.84 ms, found 1 plugins.
Preloading 0 native plugins for Editor in 0.00 ms.
Unloading 4067 Unused Serialized files (Serialized files now loaded: 0)
System memory in use before: 175.8 MB.
System memory in use after: 173.2 MB.

Unloading 52 unused Assets to reduce memory usage. Loaded Objects now: 5112.
Total: 4.241100 ms (FindLiveObjects: 0.486500 ms CreateObjectMapping: 0.113400 ms MarkObjects: 2.300800 ms  DeleteObjects: 1.339300 ms)

========================================================================
Received Prepare
Registering precompiled user dll's ...
Registered in 0.002286 seconds.
Begin MonoManager ReloadAssembly
Native extension for WindowsStandalone target not found
Refreshing native plugins compatible for Editor in 0.85 ms, found 1 plugins.
Preloading 0 native plugins for Editor in 0.00 ms.
Mono: successfully reloaded assembly
- Completed reload, in  0.841 seconds
Platform modules already initialized, skipping
Shader 'Universal Render Pipeline/Particles/Lit': fallback shader 'Universal Render Pipeline/Particles/SimpleLit' not found
Shader 'Universal Render Pipeline/Particles/Lit': fallback shader 'Universal Render Pipeline/Particles/SimpleLit' not found
Refreshing native plugins compatible for Editor in 0.93 ms, found 1 plugins.
Preloading 0 native plugins for Editor in 0.00 ms.
Unloading 4067 Unused Serialized files (Serialized files now loaded: 0)
System memory in use before: 175.8 MB.
System memory in use after: 173.2 MB.

Unloading 52 unused Assets to reduce memory usage. Loaded Objects now: 5115.
Total: 4.155900 ms (FindLiveObjects: 0.527800 ms CreateObjectMapping: 0.112400 ms MarkObjects: 2.334400 ms  DeleteObjects: 1.180200 ms)

AssetImportWorkerClient::OnTransportError - code=2 error=End of file
